[2021-10-09 10:37:04,546][logger.py 61][INFO]: ------开始执行test_admin_login用例------
[2021-10-09 10:37:04,593][logger.py 61][INFO]: ------开始执行assert_api用例------
[2021-10-09 10:37:04,593][logger.py 69][INFO]: ------assert_api执行成功------
[2021-10-09 10:37:04,593][logger.py 69][INFO]: ------test_admin_login执行成功------
[2021-10-09 10:37:04,599][logger.py 61][INFO]: ------开始执行test_admin_login用例------
[2021-10-09 10:37:04,635][logger.py 61][INFO]: ------开始执行assert_api用例------
[2021-10-09 10:37:04,635][logger.py 69][INFO]: ------assert_api执行成功------
[2021-10-09 10:37:04,635][logger.py 69][INFO]: ------test_admin_login执行成功------
[2021-10-09 10:37:04,640][logger.py 61][INFO]: ------开始执行test_admin_login用例------
[2021-10-09 10:37:04,683][logger.py 61][INFO]: ------开始执行assert_api用例------
[2021-10-09 10:37:04,684][logger.py 69][INFO]: ------assert_api执行成功------
[2021-10-09 10:37:04,684][logger.py 69][INFO]: ------test_admin_login执行成功------
[2021-10-09 10:37:36,913][logger.py 61][INFO]: ------开始执行test_admin_login用例------
[2021-10-09 10:37:36,957][logger.py 61][INFO]: ------开始执行assert_api用例------
[2021-10-09 10:37:36,957][logger.py 69][INFO]: ------assert_api执行成功------
[2021-10-09 10:37:36,957][logger.py 69][INFO]: ------test_admin_login执行成功------
[2021-10-09 10:37:36,974][logger.py 61][INFO]: ------开始执行test_admin_login用例------
[2021-10-09 10:37:37,016][logger.py 61][INFO]: ------开始执行assert_api用例------
[2021-10-09 10:37:37,016][logger.py 69][INFO]: ------assert_api执行成功------
[2021-10-09 10:37:37,016][logger.py 69][INFO]: ------test_admin_login执行成功------
[2021-10-09 10:37:37,021][logger.py 61][INFO]: ------开始执行test_admin_login用例------
[2021-10-09 10:37:37,134][logger.py 61][INFO]: ------开始执行assert_api用例------
[2021-10-09 10:37:37,134][logger.py 69][INFO]: ------assert_api执行成功------
[2021-10-09 10:37:37,134][logger.py 69][INFO]: ------test_admin_login执行成功------
[2021-10-09 10:40:15,746][logger.py 61][INFO]: ------开始执行test_admin_login用例------
[2021-10-09 10:40:15,793][logger.py 61][INFO]: ------开始执行assert_api用例------
[2021-10-09 10:40:15,793][logger.py 69][INFO]: ------assert_api执行成功------
[2021-10-09 10:40:15,793][logger.py 69][INFO]: ------test_admin_login执行成功------
[2021-10-09 10:40:15,798][logger.py 61][INFO]: ------开始执行test_admin_login用例------
[2021-10-09 10:40:15,839][logger.py 61][INFO]: ------开始执行assert_api用例------
[2021-10-09 10:40:15,839][logger.py 69][INFO]: ------assert_api执行成功------
[2021-10-09 10:40:15,839][logger.py 69][INFO]: ------test_admin_login执行成功------
[2021-10-09 10:40:15,844][logger.py 61][INFO]: ------开始执行test_admin_login用例------
[2021-10-09 10:40:15,892][logger.py 61][INFO]: ------开始执行assert_api用例------
[2021-10-09 10:40:15,892][logger.py 69][INFO]: ------assert_api执行成功------
[2021-10-09 10:40:15,892][logger.py 69][INFO]: ------test_admin_login执行成功------
[2021-10-09 10:41:09,504][logger.py 61][INFO]: ------开始执行test_admin_login用例------
[2021-10-09 10:41:09,661][logger.py 61][INFO]: ------开始执行assert_api用例------
[2021-10-09 10:41:09,661][logger.py 69][INFO]: ------assert_api执行成功------
[2021-10-09 10:41:09,661][logger.py 69][INFO]: ------test_admin_login执行成功------
[2021-10-09 10:41:09,677][logger.py 61][INFO]: ------开始执行test_admin_login用例------
[2021-10-09 10:41:09,772][logger.py 61][INFO]: ------开始执行assert_api用例------
[2021-10-09 10:41:09,773][logger.py 69][INFO]: ------assert_api执行成功------
[2021-10-09 10:41:09,773][logger.py 69][INFO]: ------test_admin_login执行成功------
[2021-10-09 10:41:09,777][logger.py 61][INFO]: ------开始执行test_admin_login用例------
[2021-10-09 10:41:09,897][logger.py 61][INFO]: ------开始执行assert_api用例------
[2021-10-09 10:41:09,897][logger.py 69][INFO]: ------assert_api执行成功------
[2021-10-09 10:41:09,897][logger.py 69][INFO]: ------test_admin_login执行成功------
[2021-10-09 22:39:36,612][logger.py 61][INFO]: ------开始执行test_admin_login用例------
[2021-10-09 22:39:36,687][logger.py 61][INFO]: ------开始执行assert_api用例------
[2021-10-09 22:39:36,687][logger.py 69][INFO]: ------assert_api执行成功------
[2021-10-09 22:39:36,687][logger.py 69][INFO]: ------test_admin_login执行成功------
[2021-10-09 22:39:36,692][logger.py 61][INFO]: ------开始执行test_admin_login用例------
[2021-10-09 22:39:36,734][logger.py 61][INFO]: ------开始执行assert_api用例------
[2021-10-09 22:39:36,735][logger.py 69][INFO]: ------assert_api执行成功------
[2021-10-09 22:39:36,735][logger.py 69][INFO]: ------test_admin_login执行成功------
[2021-10-09 22:39:36,739][logger.py 61][INFO]: ------开始执行test_admin_login用例------
[2021-10-09 22:39:36,780][logger.py 61][INFO]: ------开始执行assert_api用例------
[2021-10-09 22:39:36,781][logger.py 69][INFO]: ------assert_api执行成功------
[2021-10-09 22:39:36,781][logger.py 69][INFO]: ------test_admin_login执行成功------
[2021-10-09 23:02:42,703][logger.py 61][INFO]: ------开始执行test_get_auth_code用例------
[2021-10-09 23:02:42,738][logger.py 61][INFO]: ------开始执行assert_api用例------
[2021-10-09 23:02:42,738][logger.py 69][INFO]: ------assert_api执行成功------
[2021-10-09 23:02:42,739][logger.py 69][INFO]: ------test_get_auth_code执行成功------
[2021-10-09 23:04:09,600][logger.py 61][INFO]: ------开始执行assert_api用例------
[2021-10-09 23:04:09,600][logger.py 69][INFO]: ------assert_api执行成功------
[2021-10-09 23:35:44,334][logger.py 61][INFO]: ------开始执行test_admin_login用例------
[2021-10-09 23:35:44,386][logger.py 61][INFO]: ------开始执行assert_api用例------
[2021-10-09 23:35:44,386][logger.py 69][INFO]: ------assert_api执行成功------
[2021-10-09 23:35:44,386][logger.py 69][INFO]: ------test_admin_login执行成功------
[2021-10-09 23:36:48,014][main.py 16][INFO]: 
                     _    _         _      _____         _
      __ _ _ __ (_)  / \  _   _| |_ __|_   _|__  ___| |_
     / _` | '_ \| | / _ \| | | | __/ _ \| |/ _ \/ __| __|
    | (_| | |_) | |/ ___ \ |_| | || (_) | |  __/\__ \ |_
     \__,_| .__/|_/_/   \_\__,_|\__\___/|_|\___||___/\__|
          |_|
          Starting     ...  道长伴你终身   ...  测试之道学院永相随   ...
        
[2021-10-09 23:38:48,569][main.py 16][INFO]: 
                     _    _         _      _____         _
      __ _ _ __ (_)  / \  _   _| |_ __|_   _|__  ___| |_
     / _` | '_ \| | / _ \| | | | __/ _ \| |/ _ \/ __| __|
    | (_| | |_) | |/ ___ \ |_| | || (_) | |  __/\__ \ |_
     \__,_| .__/|_/_/   \_\__,_|\__\___/|_|\___||___/\__|
          |_|
          Starting     ...  道长伴你终身   ...  测试之道学院永相随   ...
        
[2021-10-09 23:38:49,576][logger.py 61][INFO]: ------开始执行test_get_auth_code用例------
[2021-10-09 23:38:49,620][logger.py 61][INFO]: ------开始执行assert_api用例------
[2021-10-09 23:38:49,620][logger.py 69][INFO]: ------assert_api执行成功------
[2021-10-09 23:38:49,620][logger.py 69][INFO]: ------test_get_auth_code执行成功------
[2021-10-09 23:38:49,719][logger.py 61][INFO]: ------开始执行test_admin_login用例------
[2021-10-09 23:38:49,772][logger.py 61][INFO]: ------开始执行assert_api用例------
[2021-10-09 23:38:49,772][logger.py 69][INFO]: ------assert_api执行成功------
[2021-10-09 23:38:49,772][logger.py 69][INFO]: ------test_admin_login执行成功------
[2021-10-09 23:38:49,776][logger.py 61][INFO]: ------开始执行test_admin_login用例------
[2021-10-09 23:38:49,823][logger.py 61][INFO]: ------开始执行assert_api用例------
[2021-10-09 23:38:49,823][logger.py 69][INFO]: ------assert_api执行成功------
[2021-10-09 23:38:49,823][logger.py 69][INFO]: ------test_admin_login执行成功------
[2021-10-09 23:38:49,827][logger.py 61][INFO]: ------开始执行test_admin_login用例------
[2021-10-09 23:38:49,866][logger.py 61][INFO]: ------开始执行assert_api用例------
[2021-10-09 23:38:49,866][logger.py 69][INFO]: ------assert_api执行成功------
[2021-10-09 23:38:49,866][logger.py 69][INFO]: ------test_admin_login执行成功------
[2021-10-09 23:38:49,969][logger.py 61][INFO]: ------开始执行assert_api用例------
[2021-10-09 23:38:49,970][logger.py 69][INFO]: ------assert_api执行成功------
[2021-10-09 23:38:49,975][logger.py 61][INFO]: ------开始执行test_admin_login用例------
[2021-10-09 23:38:50,015][logger.py 61][INFO]: ------开始执行assert_api用例------
[2021-10-09 23:38:50,015][logger.py 69][INFO]: ------assert_api执行成功------
[2021-10-09 23:38:50,015][logger.py 69][INFO]: ------test_admin_login执行成功------
[2021-10-09 23:40:45,591][main.py 16][INFO]: 
                     _    _         _      _____         _
      __ _ _ __ (_)  / \  _   _| |_ __|_   _|__  ___| |_
     / _` | '_ \| | / _ \| | | | __/ _ \| |/ _ \/ __| __|
    | (_| | |_) | |/ ___ \ |_| | || (_) | |  __/\__ \ |_
     \__,_| .__/|_/_/   \_\__,_|\__\___/|_|\___||___/\__|
          |_|
          Starting     ...  道长伴你终身   ...  测试之道学院永相随   ...
        
[2021-10-09 23:40:46,607][logger.py 61][INFO]: ------开始执行test_get_auth_code用例------
[2021-10-09 23:40:46,637][logger.py 61][INFO]: ------开始执行assert_api用例------
[2021-10-09 23:40:46,637][logger.py 69][INFO]: ------assert_api执行成功------
[2021-10-09 23:40:46,637][logger.py 69][INFO]: ------test_get_auth_code执行成功------
[2021-10-09 23:40:46,717][logger.py 61][INFO]: ------开始执行test_admin_login用例------
[2021-10-09 23:40:46,769][logger.py 61][INFO]: ------开始执行assert_api用例------
[2021-10-09 23:40:46,769][logger.py 69][INFO]: ------assert_api执行成功------
[2021-10-09 23:40:46,769][logger.py 69][INFO]: ------test_admin_login执行成功------
[2021-10-09 23:40:46,773][logger.py 61][INFO]: ------开始执行test_admin_login用例------
[2021-10-09 23:40:46,813][logger.py 61][INFO]: ------开始执行assert_api用例------
[2021-10-09 23:40:46,813][logger.py 69][INFO]: ------assert_api执行成功------
[2021-10-09 23:40:46,813][logger.py 69][INFO]: ------test_admin_login执行成功------
[2021-10-09 23:40:46,817][logger.py 61][INFO]: ------开始执行test_admin_login用例------
[2021-10-09 23:40:46,864][logger.py 61][INFO]: ------开始执行assert_api用例------
[2021-10-09 23:40:46,864][logger.py 69][INFO]: ------assert_api执行成功------
[2021-10-09 23:40:46,864][logger.py 69][INFO]: ------test_admin_login执行成功------
[2021-10-09 23:40:46,957][logger.py 61][INFO]: ------开始执行assert_api用例------
[2021-10-09 23:40:46,957][logger.py 69][INFO]: ------assert_api执行成功------
[2021-10-09 23:40:46,962][logger.py 61][INFO]: ------开始执行test_admin_login用例------
[2021-10-09 23:40:46,999][logger.py 61][INFO]: ------开始执行assert_api用例------
[2021-10-09 23:40:47,000][logger.py 69][INFO]: ------assert_api执行成功------
[2021-10-09 23:40:47,000][logger.py 69][INFO]: ------test_admin_login执行成功------
[2021-10-09 23:48:32,594][main.py 16][INFO]: 
                     _    _         _      _____         _
      __ _ _ __ (_)  / \  _   _| |_ __|_   _|__  ___| |_
     / _` | '_ \| | / _ \| | | | __/ _ \| |/ _ \/ __| __|
    | (_| | |_) | |/ ___ \ |_| | || (_) | |  __/\__ \ |_
     \__,_| .__/|_/_/   \_\__,_|\__\___/|_|\___||___/\__|
          |_|
          Starting     ...  道长伴你终身   ...  测试之道学院永相随   ...
        
[2021-10-09 23:48:33,568][logger.py 61][INFO]: ------开始执行test_get_auth_code用例------
[2021-10-09 23:48:33,612][logger.py 61][INFO]: ------开始执行assert_api用例------
[2021-10-09 23:48:33,612][logger.py 69][INFO]: ------assert_api执行成功------
[2021-10-09 23:48:33,612][logger.py 69][INFO]: ------test_get_auth_code执行成功------
[2021-10-09 23:48:33,730][logger.py 61][INFO]: ------开始执行test_admin_login用例------
[2021-10-09 23:48:33,770][logger.py 61][INFO]: ------开始执行assert_api用例------
[2021-10-09 23:48:33,771][logger.py 69][INFO]: ------assert_api执行成功------
[2021-10-09 23:48:33,771][logger.py 69][INFO]: ------test_admin_login执行成功------
[2021-10-09 23:48:33,775][logger.py 61][INFO]: ------开始执行test_admin_login用例------
[2021-10-09 23:48:33,814][logger.py 61][INFO]: ------开始执行assert_api用例------
[2021-10-09 23:48:33,814][logger.py 69][INFO]: ------assert_api执行成功------
[2021-10-09 23:48:33,815][logger.py 69][INFO]: ------test_admin_login执行成功------
[2021-10-09 23:48:33,819][logger.py 61][INFO]: ------开始执行test_admin_login用例------
[2021-10-09 23:48:33,854][logger.py 61][INFO]: ------开始执行assert_api用例------
[2021-10-09 23:48:33,854][logger.py 69][INFO]: ------assert_api执行成功------
[2021-10-09 23:48:33,855][logger.py 69][INFO]: ------test_admin_login执行成功------
[2021-10-09 23:48:33,926][logger.py 61][INFO]: ------开始执行assert_api用例------
[2021-10-09 23:48:33,926][logger.py 69][INFO]: ------assert_api执行成功------
[2021-10-09 23:48:33,931][logger.py 61][INFO]: ------开始执行test_admin_login用例------
[2021-10-09 23:48:33,965][logger.py 61][INFO]: ------开始执行assert_api用例------
[2021-10-09 23:48:33,965][logger.py 69][INFO]: ------assert_api执行成功------
[2021-10-09 23:48:33,966][logger.py 69][INFO]: ------test_admin_login执行成功------
[2021-10-09 23:49:27,120][main.py 16][INFO]: 
                     _    _         _      _____         _
      __ _ _ __ (_)  / \  _   _| |_ __|_   _|__  ___| |_
     / _` | '_ \| | / _ \| | | | __/ _ \| |/ _ \/ __| __|
    | (_| | |_) | |/ ___ \ |_| | || (_) | |  __/\__ \ |_
     \__,_| .__/|_/_/   \_\__,_|\__\___/|_|\___||___/\__|
          |_|
          Starting     ...  道长伴你终身   ...  测试之道学院永相随   ...
        
[2021-10-09 23:49:28,140][logger.py 61][INFO]: ------开始执行test_get_auth_code用例------
[2021-10-09 23:49:28,184][logger.py 61][INFO]: ------开始执行assert_api用例------
[2021-10-09 23:49:28,184][logger.py 69][INFO]: ------assert_api执行成功------
[2021-10-09 23:49:28,184][logger.py 69][INFO]: ------test_get_auth_code执行成功------
[2021-10-09 23:49:28,285][logger.py 61][INFO]: ------开始执行test_admin_login用例------
[2021-10-09 23:49:28,327][logger.py 61][INFO]: ------开始执行assert_api用例------
[2021-10-09 23:49:28,327][logger.py 69][INFO]: ------assert_api执行成功------
[2021-10-09 23:49:28,327][logger.py 69][INFO]: ------test_admin_login执行成功------
[2021-10-09 23:49:28,331][logger.py 61][INFO]: ------开始执行test_admin_login用例------
[2021-10-09 23:49:28,369][logger.py 61][INFO]: ------开始执行assert_api用例------
[2021-10-09 23:49:28,370][logger.py 69][INFO]: ------assert_api执行成功------
[2021-10-09 23:49:28,370][logger.py 69][INFO]: ------test_admin_login执行成功------
[2021-10-09 23:49:28,373][logger.py 61][INFO]: ------开始执行test_admin_login用例------
[2021-10-09 23:49:28,420][logger.py 61][INFO]: ------开始执行assert_api用例------
[2021-10-09 23:49:28,420][logger.py 69][INFO]: ------assert_api执行成功------
[2021-10-09 23:49:28,421][logger.py 69][INFO]: ------test_admin_login执行成功------
[2021-10-09 23:49:28,495][logger.py 61][INFO]: ------开始执行assert_api用例------
[2021-10-09 23:49:28,496][logger.py 69][INFO]: ------assert_api执行成功------
[2021-10-09 23:49:28,500][logger.py 61][INFO]: ------开始执行test_admin_login用例------
[2021-10-09 23:49:28,501][logger.py 65][ERROR]: ------test_admin_login用例执行失败，失败原因：name 'data0' is not defined------
[2021-10-09 23:49:28,502][logger.py 66][ERROR]: test_admin_login 用例 is error,here are details:Traceback (most recent call last):
  File "D:\daima\xin-daima\two-pytest-api-automation\common\logger.py", line 63, in log
    func(*args, **kwargs)
  File "D:\daima\xin-daima\two-pytest-api-automation\case\test_receiving\test_add_address.py", line 28, in test_admin_login
    actual_data = receiving_l.add_shipping_address(city=data0['city']
NameError: name 'data0' is not defined

[2021-10-09 23:49:29,682][logger.py 61][INFO]: ------开始执行test_admin_login用例------
[2021-10-09 23:49:29,682][logger.py 65][ERROR]: ------test_admin_login用例执行失败，失败原因：name 'data0' is not defined------
[2021-10-09 23:49:29,682][logger.py 66][ERROR]: test_admin_login 用例 is error,here are details:Traceback (most recent call last):
  File "D:\daima\xin-daima\two-pytest-api-automation\common\logger.py", line 63, in log
    func(*args, **kwargs)
  File "D:\daima\xin-daima\two-pytest-api-automation\case\test_receiving\test_add_address.py", line 28, in test_admin_login
    actual_data = receiving_l.add_shipping_address(city=data0['city']
NameError: name 'data0' is not defined

[2021-10-09 23:49:30,800][logger.py 61][INFO]: ------开始执行test_admin_login用例------
[2021-10-09 23:49:30,800][logger.py 65][ERROR]: ------test_admin_login用例执行失败，失败原因：name 'data0' is not defined------
[2021-10-09 23:49:30,801][logger.py 66][ERROR]: test_admin_login 用例 is error,here are details:Traceback (most recent call last):
  File "D:\daima\xin-daima\two-pytest-api-automation\common\logger.py", line 63, in log
    func(*args, **kwargs)
  File "D:\daima\xin-daima\two-pytest-api-automation\case\test_receiving\test_add_address.py", line 28, in test_admin_login
    actual_data = receiving_l.add_shipping_address(city=data0['city']
NameError: name 'data0' is not defined

[2021-10-09 23:49:31,919][logger.py 61][INFO]: ------开始执行test_admin_login用例------
[2021-10-09 23:49:31,919][logger.py 65][ERROR]: ------test_admin_login用例执行失败，失败原因：name 'data0' is not defined------
[2021-10-09 23:49:31,919][logger.py 66][ERROR]: test_admin_login 用例 is error,here are details:Traceback (most recent call last):
  File "D:\daima\xin-daima\two-pytest-api-automation\common\logger.py", line 63, in log
    func(*args, **kwargs)
  File "D:\daima\xin-daima\two-pytest-api-automation\case\test_receiving\test_add_address.py", line 28, in test_admin_login
    actual_data = receiving_l.add_shipping_address(city=data0['city']
NameError: name 'data0' is not defined

[2021-10-09 23:49:49,066][logger.py 61][INFO]: ------开始执行test_admin_login用例------
[2021-10-09 23:49:49,066][logger.py 65][ERROR]: ------test_admin_login用例执行失败，失败原因：name 'data0' is not defined------
[2021-10-09 23:49:49,067][logger.py 66][ERROR]: test_admin_login 用例 is error,here are details:Traceback (most recent call last):
  File "D:\daima\xin-daima\two-pytest-api-automation\common\logger.py", line 63, in log
    func(*args, **kwargs)
  File "D:\daima\xin-daima\two-pytest-api-automation\case\test_receiving\test_add_address.py", line 28, in test_admin_login
    actual_data = receiving_l.add_shipping_address(city=data0['city']
NameError: name 'data0' is not defined

[2021-10-09 23:49:50,232][logger.py 61][INFO]: ------开始执行test_admin_login用例------
[2021-10-09 23:49:50,232][logger.py 65][ERROR]: ------test_admin_login用例执行失败，失败原因：name 'data0' is not defined------
[2021-10-09 23:49:50,232][logger.py 66][ERROR]: test_admin_login 用例 is error,here are details:Traceback (most recent call last):
  File "D:\daima\xin-daima\two-pytest-api-automation\common\logger.py", line 63, in log
    func(*args, **kwargs)
  File "D:\daima\xin-daima\two-pytest-api-automation\case\test_receiving\test_add_address.py", line 28, in test_admin_login
    actual_data = receiving_l.add_shipping_address(city=data0['city']
NameError: name 'data0' is not defined

[2021-10-09 23:49:51,338][logger.py 61][INFO]: ------开始执行test_admin_login用例------
[2021-10-09 23:49:51,338][logger.py 65][ERROR]: ------test_admin_login用例执行失败，失败原因：name 'data0' is not defined------
[2021-10-09 23:49:51,339][logger.py 66][ERROR]: test_admin_login 用例 is error,here are details:Traceback (most recent call last):
  File "D:\daima\xin-daima\two-pytest-api-automation\common\logger.py", line 63, in log
    func(*args, **kwargs)
  File "D:\daima\xin-daima\two-pytest-api-automation\case\test_receiving\test_add_address.py", line 28, in test_admin_login
    actual_data = receiving_l.add_shipping_address(city=data0['city']
NameError: name 'data0' is not defined

[2021-10-09 23:49:52,466][logger.py 61][INFO]: ------开始执行test_admin_login用例------
[2021-10-09 23:49:52,467][logger.py 65][ERROR]: ------test_admin_login用例执行失败，失败原因：name 'data0' is not defined------
[2021-10-09 23:49:52,467][logger.py 66][ERROR]: test_admin_login 用例 is error,here are details:Traceback (most recent call last):
  File "D:\daima\xin-daima\two-pytest-api-automation\common\logger.py", line 63, in log
    func(*args, **kwargs)
  File "D:\daima\xin-daima\two-pytest-api-automation\case\test_receiving\test_add_address.py", line 28, in test_admin_login
    actual_data = receiving_l.add_shipping_address(city=data0['city']
NameError: name 'data0' is not defined

[2021-10-09 23:51:05,177][logger.py 61][INFO]: ------开始执行test_admin_login用例------
[2021-10-09 23:51:05,216][logger.py 61][INFO]: ------开始执行assert_api用例------
[2021-10-09 23:51:05,216][logger.py 69][INFO]: ------assert_api执行成功------
[2021-10-09 23:51:05,216][logger.py 69][INFO]: ------test_admin_login执行成功------
[2021-10-09 23:51:12,774][logger.py 61][INFO]: ------开始执行test_get_auth_code用例------
[2021-10-09 23:51:12,803][logger.py 61][INFO]: ------开始执行assert_api用例------
[2021-10-09 23:51:12,803][logger.py 69][INFO]: ------assert_api执行成功------
[2021-10-09 23:51:12,803][logger.py 69][INFO]: ------test_get_auth_code执行成功------
[2021-10-09 23:51:12,908][logger.py 61][INFO]: ------开始执行test_admin_login用例------
[2021-10-09 23:51:12,948][logger.py 61][INFO]: ------开始执行assert_api用例------
[2021-10-09 23:51:12,948][logger.py 69][INFO]: ------assert_api执行成功------
[2021-10-09 23:51:12,948][logger.py 69][INFO]: ------test_admin_login执行成功------
[2021-10-09 23:51:12,953][logger.py 61][INFO]: ------开始执行test_admin_login用例------
[2021-10-09 23:51:12,995][logger.py 61][INFO]: ------开始执行assert_api用例------
[2021-10-09 23:51:12,996][logger.py 69][INFO]: ------assert_api执行成功------
[2021-10-09 23:51:12,996][logger.py 69][INFO]: ------test_admin_login执行成功------
[2021-10-09 23:51:13,001][logger.py 61][INFO]: ------开始执行test_admin_login用例------
[2021-10-09 23:51:13,041][logger.py 61][INFO]: ------开始执行assert_api用例------
[2021-10-09 23:51:13,041][logger.py 69][INFO]: ------assert_api执行成功------
[2021-10-09 23:51:13,041][logger.py 69][INFO]: ------test_admin_login执行成功------
[2021-10-09 23:51:13,131][logger.py 61][INFO]: ------开始执行assert_api用例------
[2021-10-09 23:51:13,131][logger.py 69][INFO]: ------assert_api执行成功------
