{"name": "test_xfail", "status": "skipped", "statusDetails": {"message": "AssertionError: assert (1, 2, 3) == (3, 2, 1)", "trace": "@pytest.mark.xfail()\n    def test_xfail():\n>       assert (1, 2, 3) == (3, 2, 1)\nE       assert (1, 2, 3) == (3, 2, 1)\n\ntest22.py:18: AssertionError"}, "start": 1634284012227, "stop": 1634284012227, "uuid": "0cbca7ba-2ebc-4a42-9a94-553139500d3e", "historyId": "f3bc3605549f5ac15b2c199ec1da6505", "testCaseId": "df3084f069c1cf6c6aa33537d030e7d0", "fullName": "case.test22#test_xfail", "labels": [{"name": "tag", "value": "xfail"}, {"name": "parentSuite", "value": "case"}, {"name": "suite", "value": "test22"}, {"name": "host", "value": "LAPTOP-9964GMTD"}, {"name": "thread", "value": "17120-MainThread"}, {"name": "framework", "value": "pytest"}, {"name": "language", "value": "cpython3"}, {"name": "package", "value": "case.test22"}]}