INFO     log:logger.py:62 ------开始执行test_get_auth_code用例------
ERROR    log:logger.py:66 ------test_get_auth_code用例执行失败，失败原因：('Connection aborted.', TimeoutError(10060, '由于连接方在一段时间后没有正确答复或连接的主机没有反应，连接尝试失败。', None, 10060, None))------
ERROR    log:logger.py:67 test_get_auth_code 用例 is error,here are details:Traceback (most recent call last):
  File "D:\ruanjian\python\lib\site-packages\urllib3\connectionpool.py", line 600, in urlopen
    chunked=chunked)
  File "D:\ruanjian\python\lib\site-packages\urllib3\connectionpool.py", line 384, in _make_request
    six.raise_from(e, None)
  File "<string>", line 2, in raise_from
  File "D:\ruanjian\python\lib\site-packages\urllib3\connectionpool.py", line 380, in _make_request
    httplib_response = conn.getresponse()
  File "D:\ruanjian\python\lib\http\client.py", line 1321, in getresponse
    response.begin()
  File "D:\ruanjian\python\lib\http\client.py", line 296, in begin
    version, status, reason = self._read_status()
  File "D:\ruanjian\python\lib\http\client.py", line 257, in _read_status
    line = str(self.fp.readline(_MAXLINE + 1), "iso-8859-1")
  File "D:\ruanjian\python\lib\socket.py", line 589, in readinto
    return self._sock.recv_into(b)
TimeoutError: [WinError 10060] 由于连接方在一段时间后没有正确答复或连接的主机没有反应，连接尝试失败。

During handling of the above exception, another exception occurred:

Traceback (most recent call last):
  File "D:\ruanjian\python\lib\site-packages\requests\adapters.py", line 449, in send
    timeout=timeout
  File "D:\ruanjian\python\lib\site-packages\urllib3\connectionpool.py", line 638, in urlopen
    _stacktrace=sys.exc_info()[2])
  File "D:\ruanjian\python\lib\site-packages\urllib3\util\retry.py", line 368, in increment
    raise six.reraise(type(error), error, _stacktrace)
  File "D:\ruanjian\python\lib\site-packages\urllib3\packages\six.py", line 685, in reraise
    raise value.with_traceback(tb)
  File "D:\ruanjian\python\lib\site-packages\urllib3\connectionpool.py", line 600, in urlopen
    chunked=chunked)
  File "D:\ruanjian\python\lib\site-packages\urllib3\connectionpool.py", line 384, in _make_request
    six.raise_from(e, None)
  File "<string>", line 2, in raise_from
  File "D:\ruanjian\python\lib\site-packages\urllib3\connectionpool.py", line 380, in _make_request
    httplib_response = conn.getresponse()
  File "D:\ruanjian\python\lib\http\client.py", line 1321, in getresponse
    response.begin()
  File "D:\ruanjian\python\lib\http\client.py", line 296, in begin
    version, status, reason = self._read_status()
  File "D:\ruanjian\python\lib\http\client.py", line 257, in _read_status
    line = str(self.fp.readline(_MAXLINE + 1), "iso-8859-1")
  File "D:\ruanjian\python\lib\socket.py", line 589, in readinto
    return self._sock.recv_into(b)
urllib3.exceptions.ProtocolError: ('Connection aborted.', TimeoutError(10060, '由于连接方在一段时间后没有正确答复或连接的主机没有反应，连接尝试失败。', None, 10060, None))

During handling of the above exception, another exception occurred:

Traceback (most recent call last):
  File "D:\daima\xin-daima\two-pytest-api-automation2\common\logger.py", line 64, in log
    func(*args, **kwargs)
  File "D:\daima\xin-daima\two-pytest-api-automation2\case\test_member_controller\test_auth_code.py", line 26, in test_get_auth_code
    actual_data = member_controller_z.get_auth_code(telephone = case_body['telephone'])
  File "D:\daima\xin-daima\two-pytest-api-automation2\api\admin\member_controller_api.py", line 42, in get_auth_code
    return self.send(url, method=method)
  File "D:\daima\xin-daima\two-pytest-api-automation2\api\client.py", line 32, in send
    result =  requests.get(url,params = body,headers = headers)
  File "D:\ruanjian\python\lib\site-packages\requests\api.py", line 75, in get
    return request('get', url, params=params, **kwargs)
  File "D:\ruanjian\python\lib\site-packages\requests\api.py", line 60, in request
    return session.request(method=method, url=url, **kwargs)
  File "D:\ruanjian\python\lib\site-packages\requests\sessions.py", line 533, in request
    resp = self.send(prep, **send_kwargs)
  File "D:\ruanjian\python\lib\site-packages\requests\sessions.py", line 646, in send
    r = adapter.send(request, **kwargs)
  File "D:\ruanjian\python\lib\site-packages\requests\adapters.py", line 498, in send
    raise ConnectionError(err, request=request)
requests.exceptions.ConnectionError: ('Connection aborted.', TimeoutError(10060, '由于连接方在一段时间后没有正确答复或连接的主机没有反应，连接尝试失败。', None, 10060, None))